<?xml version="1.0" encoding="UTF-8"?>
<testng-results ignored="0" total="1" passed="1" failed="0" skipped="0">
  <reporter-output>
  </reporter-output>
  <suite started-at="2025-03-23T13:22:26 IST" name="Suite" finished-at="2025-03-23T13:22:39 IST" duration-ms="13229">
    <groups>
    </groups>
    <test started-at="2025-03-23T13:22:26 IST" name="Test" finished-at="2025-03-23T13:22:39 IST" duration-ms="13229">
      <class name="in.boombolt.testCases.TC_Register">
        <test-method is-config="true" signature="setUp()[pri:0, instance:in.boombolt.testCases.TC_Register@4550bb58]" started-at="2025-03-23T13:22:26 IST" name="setUp" finished-at="2025-03-23T13:22:35 IST" duration-ms="9064" status="PASS">
          <reporter-output>
          </reporter-output>
        </test-method> <!-- setUp -->
        <test-method signature="accountRegister()[pri:0, instance:in.boombolt.testCases.TC_Register@4550bb58]" started-at="2025-03-23T13:22:35 IST" name="accountRegister" finished-at="2025-03-23T13:22:39 IST" duration-ms="3343" status="PASS">
          <reporter-output>
          </reporter-output>
        </test-method> <!-- accountRegister -->
        <test-method is-config="true" signature="tearDown()[pri:0, instance:in.boombolt.testCases.TC_Register@4550bb58]" started-at="2025-03-23T13:22:39 IST" name="tearDown" finished-at="2025-03-23T13:22:39 IST" duration-ms="311" status="PASS">
          <reporter-output>
          </reporter-output>
        </test-method> <!-- tearDown -->
      </class> <!-- in.boombolt.testCases.TC_Register -->
    </test> <!-- Test -->
  </suite> <!-- Suite -->
</testng-results>
