<?xml version="1.0" encoding="UTF-8"?>
<testng-results ignored="0" total="1" passed="1" failed="0" skipped="0">
  <reporter-output>
  </reporter-output>
  <suite started-at="2025-03-23T11:06:05 IST" name="Suite" finished-at="2025-03-23T11:06:29 IST" duration-ms="24265">
    <groups>
    </groups>
    <test started-at="2025-03-23T11:06:05 IST" name="Test" finished-at="2025-03-23T11:06:29 IST" duration-ms="24265">
      <class name="in.boombolt.testCases.TC_Register">
        <test-method is-config="true" signature="setUp()[pri:0, instance:in.boombolt.testCases.TC_Register@431cd9b2]" started-at="2025-03-23T11:06:05 IST" name="setUp" finished-at="2025-03-23T11:06:24 IST" duration-ms="19046" status="PASS">
          <reporter-output>
          </reporter-output>
        </test-method> <!-- setUp -->
        <test-method signature="accountRegister()[pri:0, instance:in.boombolt.testCases.TC_Register@431cd9b2]" started-at="2025-03-23T11:06:24 IST" name="accountRegister" finished-at="2025-03-23T11:06:28 IST" duration-ms="4186" status="PASS">
          <reporter-output>
          </reporter-output>
        </test-method> <!-- accountRegister -->
        <test-method is-config="true" signature="tearDown()[pri:0, instance:in.boombolt.testCases.TC_Register@431cd9b2]" started-at="2025-03-23T11:06:28 IST" name="tearDown" finished-at="2025-03-23T11:06:29 IST" duration-ms="351" status="PASS">
          <reporter-output>
          </reporter-output>
        </test-method> <!-- tearDown -->
      </class> <!-- in.boombolt.testCases.TC_Register -->
    </test> <!-- Test -->
  </suite> <!-- Suite -->
</testng-results>
